Start testing: Apr 28 21:01 CEST
----------------------------------------------------------
1/17 Testing: DieTest.Constructor
1/17 Test: DieTest.Constructor
Command: "/home/fdachs/Coding/wfrp_sim/test/build/die_tests" "--gtest_filter=DieTest.Constructor" "--gtest_also_run_disabled_tests"
Directory: /home/fdachs/Coding/wfrp_sim/test/build
"DieTest.Constructor" start time: Apr 28 21:01 CEST
Output:
----------------------------------------------------------
Running main() from /home/fdachs/Coding/wfrp_sim/test/build/_deps/googletest-src/googletest/src/gtest_main.cc
Note: Google Test filter = DieTest.Constructor
[==========] Running 1 test from 1 test suite.
[----------] Global test environment set-up.
[----------] 1 test from DieTest
[ RUN      ] DieTest.Constructor
[       OK ] DieTest.Constructor (0 ms)
[----------] 1 test from DieTest (0 ms total)

[----------] Global test environment tear-down
[==========] 1 test from 1 test suite ran. (0 ms total)
[  PASSED  ] 1 test.
<end of output>
Test time =   0.01 sec
----------------------------------------------------------
Test Passed.
"DieTest.Constructor" end time: Apr 28 21:01 CEST
"DieTest.Constructor" time elapsed: 00:00:00
----------------------------------------------------------

2/17 Testing: DieTest.Roll
2/17 Test: DieTest.Roll
Command: "/home/fdachs/Coding/wfrp_sim/test/build/die_tests" "--gtest_filter=DieTest.Roll" "--gtest_also_run_disabled_tests"
Directory: /home/fdachs/Coding/wfrp_sim/test/build
"DieTest.Roll" start time: Apr 28 21:01 CEST
Output:
----------------------------------------------------------
Running main() from /home/fdachs/Coding/wfrp_sim/test/build/_deps/googletest-src/googletest/src/gtest_main.cc
Note: Google Test filter = DieTest.Roll
[==========] Running 1 test from 1 test suite.
[----------] Global test environment set-up.
[----------] 1 test from DieTest
[ RUN      ] DieTest.Roll
[       OK ] DieTest.Roll (0 ms)
[----------] 1 test from DieTest (0 ms total)

[----------] Global test environment tear-down
[==========] 1 test from 1 test suite ran. (0 ms total)
[  PASSED  ] 1 test.
<end of output>
Test time =   0.00 sec
----------------------------------------------------------
Test Passed.
"DieTest.Roll" end time: Apr 28 21:01 CEST
"DieTest.Roll" time elapsed: 00:00:00
----------------------------------------------------------

3/17 Testing: DieTest.Set
3/17 Test: DieTest.Set
Command: "/home/fdachs/Coding/wfrp_sim/test/build/die_tests" "--gtest_filter=DieTest.Set" "--gtest_also_run_disabled_tests"
Directory: /home/fdachs/Coding/wfrp_sim/test/build
"DieTest.Set" start time: Apr 28 21:01 CEST
Output:
----------------------------------------------------------
Running main() from /home/fdachs/Coding/wfrp_sim/test/build/_deps/googletest-src/googletest/src/gtest_main.cc
Note: Google Test filter = DieTest.Set
[==========] Running 1 test from 1 test suite.
[----------] Global test environment set-up.
[----------] 1 test from DieTest
[ RUN      ] DieTest.Set
Cannot set invalid die value.
[       OK ] DieTest.Set (0 ms)
[----------] 1 test from DieTest (0 ms total)

[----------] Global test environment tear-down
[==========] 1 test from 1 test suite ran. (0 ms total)
[  PASSED  ] 1 test.
<end of output>
Test time =   0.00 sec
----------------------------------------------------------
Test Passed.
"DieTest.Set" end time: Apr 28 21:01 CEST
"DieTest.Set" time elapsed: 00:00:00
----------------------------------------------------------

4/17 Testing: DieTest.Flip
4/17 Test: DieTest.Flip
Command: "/home/fdachs/Coding/wfrp_sim/test/build/die_tests" "--gtest_filter=DieTest.Flip" "--gtest_also_run_disabled_tests"
Directory: /home/fdachs/Coding/wfrp_sim/test/build
"DieTest.Flip" start time: Apr 28 21:01 CEST
Output:
----------------------------------------------------------
Running main() from /home/fdachs/Coding/wfrp_sim/test/build/_deps/googletest-src/googletest/src/gtest_main.cc
Note: Google Test filter = DieTest.Flip
[==========] Running 1 test from 1 test suite.
[----------] Global test environment set-up.
[----------] 1 test from DieTest
[ RUN      ] DieTest.Flip
[       OK ] DieTest.Flip (0 ms)
[----------] 1 test from DieTest (0 ms total)

[----------] Global test environment tear-down
[==========] 1 test from 1 test suite ran. (0 ms total)
[  PASSED  ] 1 test.
<end of output>
Test time =   0.01 sec
----------------------------------------------------------
Test Passed.
"DieTest.Flip" end time: Apr 28 21:01 CEST
"DieTest.Flip" time elapsed: 00:00:00
----------------------------------------------------------

5/17 Testing: DieTest.Addition
5/17 Test: DieTest.Addition
Command: "/home/fdachs/Coding/wfrp_sim/test/build/die_tests" "--gtest_filter=DieTest.Addition" "--gtest_also_run_disabled_tests"
Directory: /home/fdachs/Coding/wfrp_sim/test/build
"DieTest.Addition" start time: Apr 28 21:01 CEST
Output:
----------------------------------------------------------
Running main() from /home/fdachs/Coding/wfrp_sim/test/build/_deps/googletest-src/googletest/src/gtest_main.cc
Note: Google Test filter = DieTest.Addition
[==========] Running 1 test from 1 test suite.
[----------] Global test environment set-up.
[----------] 1 test from DieTest
[ RUN      ] DieTest.Addition
[       OK ] DieTest.Addition (0 ms)
[----------] 1 test from DieTest (0 ms total)

[----------] Global test environment tear-down
[==========] 1 test from 1 test suite ran. (0 ms total)
[  PASSED  ] 1 test.
<end of output>
Test time =   0.00 sec
----------------------------------------------------------
Test Passed.
"DieTest.Addition" end time: Apr 28 21:01 CEST
"DieTest.Addition" time elapsed: 00:00:00
----------------------------------------------------------

6/17 Testing: DieTest.AdditionWithInt
6/17 Test: DieTest.AdditionWithInt
Command: "/home/fdachs/Coding/wfrp_sim/test/build/die_tests" "--gtest_filter=DieTest.AdditionWithInt" "--gtest_also_run_disabled_tests"
Directory: /home/fdachs/Coding/wfrp_sim/test/build
"DieTest.AdditionWithInt" start time: Apr 28 21:01 CEST
Output:
----------------------------------------------------------
Running main() from /home/fdachs/Coding/wfrp_sim/test/build/_deps/googletest-src/googletest/src/gtest_main.cc
Note: Google Test filter = DieTest.AdditionWithInt
[==========] Running 1 test from 1 test suite.
[----------] Global test environment set-up.
[----------] 1 test from DieTest
[ RUN      ] DieTest.AdditionWithInt
[       OK ] DieTest.AdditionWithInt (0 ms)
[----------] 1 test from DieTest (0 ms total)

[----------] Global test environment tear-down
[==========] 1 test from 1 test suite ran. (0 ms total)
[  PASSED  ] 1 test.
<end of output>
Test time =   0.00 sec
----------------------------------------------------------
Test Passed.
"DieTest.AdditionWithInt" end time: Apr 28 21:01 CEST
"DieTest.AdditionWithInt" time elapsed: 00:00:00
----------------------------------------------------------

7/17 Testing: DieTest.Subtraction
7/17 Test: DieTest.Subtraction
Command: "/home/fdachs/Coding/wfrp_sim/test/build/die_tests" "--gtest_filter=DieTest.Subtraction" "--gtest_also_run_disabled_tests"
Directory: /home/fdachs/Coding/wfrp_sim/test/build
"DieTest.Subtraction" start time: Apr 28 21:01 CEST
Output:
----------------------------------------------------------
Running main() from /home/fdachs/Coding/wfrp_sim/test/build/_deps/googletest-src/googletest/src/gtest_main.cc
Note: Google Test filter = DieTest.Subtraction
[==========] Running 1 test from 1 test suite.
[----------] Global test environment set-up.
[----------] 1 test from DieTest
[ RUN      ] DieTest.Subtraction
[       OK ] DieTest.Subtraction (0 ms)
[----------] 1 test from DieTest (0 ms total)

[----------] Global test environment tear-down
[==========] 1 test from 1 test suite ran. (0 ms total)
[  PASSED  ] 1 test.
<end of output>
Test time =   0.00 sec
----------------------------------------------------------
Test Passed.
"DieTest.Subtraction" end time: Apr 28 21:01 CEST
"DieTest.Subtraction" time elapsed: 00:00:00
----------------------------------------------------------

8/17 Testing: DieTest.SubtractionWithInt
8/17 Test: DieTest.SubtractionWithInt
Command: "/home/fdachs/Coding/wfrp_sim/test/build/die_tests" "--gtest_filter=DieTest.SubtractionWithInt" "--gtest_also_run_disabled_tests"
Directory: /home/fdachs/Coding/wfrp_sim/test/build
"DieTest.SubtractionWithInt" start time: Apr 28 21:01 CEST
Output:
----------------------------------------------------------
Running main() from /home/fdachs/Coding/wfrp_sim/test/build/_deps/googletest-src/googletest/src/gtest_main.cc
Note: Google Test filter = DieTest.SubtractionWithInt
[==========] Running 1 test from 1 test suite.
[----------] Global test environment set-up.
[----------] 1 test from DieTest
[ RUN      ] DieTest.SubtractionWithInt
[       OK ] DieTest.SubtractionWithInt (0 ms)
[----------] 1 test from DieTest (0 ms total)

[----------] Global test environment tear-down
[==========] 1 test from 1 test suite ran. (0 ms total)
[  PASSED  ] 1 test.
<end of output>
Test time =   0.00 sec
----------------------------------------------------------
Test Passed.
"DieTest.SubtractionWithInt" end time: Apr 28 21:01 CEST
"DieTest.SubtractionWithInt" time elapsed: 00:00:00
----------------------------------------------------------

9/17 Testing: DieTest.CopyConstructor
9/17 Test: DieTest.CopyConstructor
Command: "/home/fdachs/Coding/wfrp_sim/test/build/die_tests" "--gtest_filter=DieTest.CopyConstructor" "--gtest_also_run_disabled_tests"
Directory: /home/fdachs/Coding/wfrp_sim/test/build
"DieTest.CopyConstructor" start time: Apr 28 21:01 CEST
Output:
----------------------------------------------------------
Running main() from /home/fdachs/Coding/wfrp_sim/test/build/_deps/googletest-src/googletest/src/gtest_main.cc
Note: Google Test filter = DieTest.CopyConstructor
[==========] Running 1 test from 1 test suite.
[----------] Global test environment set-up.
[----------] 1 test from DieTest
[ RUN      ] DieTest.CopyConstructor
[       OK ] DieTest.CopyConstructor (0 ms)
[----------] 1 test from DieTest (0 ms total)

[----------] Global test environment tear-down
[==========] 1 test from 1 test suite ran. (0 ms total)
[  PASSED  ] 1 test.
<end of output>
Test time =   0.00 sec
----------------------------------------------------------
Test Passed.
"DieTest.CopyConstructor" end time: Apr 28 21:01 CEST
"DieTest.CopyConstructor" time elapsed: 00:00:00
----------------------------------------------------------

10/17 Testing: DieTest.AssignmentOperator
10/17 Test: DieTest.AssignmentOperator
Command: "/home/fdachs/Coding/wfrp_sim/test/build/die_tests" "--gtest_filter=DieTest.AssignmentOperator" "--gtest_also_run_disabled_tests"
Directory: /home/fdachs/Coding/wfrp_sim/test/build
"DieTest.AssignmentOperator" start time: Apr 28 21:01 CEST
Output:
----------------------------------------------------------
Running main() from /home/fdachs/Coding/wfrp_sim/test/build/_deps/googletest-src/googletest/src/gtest_main.cc
Note: Google Test filter = DieTest.AssignmentOperator
[==========] Running 1 test from 1 test suite.
[----------] Global test environment set-up.
[----------] 1 test from DieTest
[ RUN      ] DieTest.AssignmentOperator
[       OK ] DieTest.AssignmentOperator (0 ms)
[----------] 1 test from DieTest (0 ms total)

[----------] Global test environment tear-down
[==========] 1 test from 1 test suite ran. (0 ms total)
[  PASSED  ] 1 test.
<end of output>
Test time =   0.01 sec
----------------------------------------------------------
Test Passed.
"DieTest.AssignmentOperator" end time: Apr 28 21:01 CEST
"DieTest.AssignmentOperator" time elapsed: 00:00:00
----------------------------------------------------------

11/17 Testing: DieTest.Destructor
11/17 Test: DieTest.Destructor
Command: "/home/fdachs/Coding/wfrp_sim/test/build/die_tests" "--gtest_filter=DieTest.Destructor" "--gtest_also_run_disabled_tests"
Directory: /home/fdachs/Coding/wfrp_sim/test/build
"DieTest.Destructor" start time: Apr 28 21:01 CEST
Output:
----------------------------------------------------------
Running main() from /home/fdachs/Coding/wfrp_sim/test/build/_deps/googletest-src/googletest/src/gtest_main.cc
Note: Google Test filter = DieTest.Destructor
[==========] Running 1 test from 1 test suite.
[----------] Global test environment set-up.
[----------] 1 test from DieTest
[ RUN      ] DieTest.Destructor
[       OK ] DieTest.Destructor (0 ms)
[----------] 1 test from DieTest (0 ms total)

[----------] Global test environment tear-down
[==========] 1 test from 1 test suite ran. (0 ms total)
[  PASSED  ] 1 test.
<end of output>
Test time =   0.00 sec
----------------------------------------------------------
Test Passed.
"DieTest.Destructor" end time: Apr 28 21:01 CEST
"DieTest.Destructor" time elapsed: 00:00:00
----------------------------------------------------------

12/17 Testing: DieTest.InvalidSides
12/17 Test: DieTest.InvalidSides
Command: "/home/fdachs/Coding/wfrp_sim/test/build/die_tests" "--gtest_filter=DieTest.InvalidSides" "--gtest_also_run_disabled_tests"
Directory: /home/fdachs/Coding/wfrp_sim/test/build
"DieTest.InvalidSides" start time: Apr 28 21:01 CEST
Output:
----------------------------------------------------------
Running main() from /home/fdachs/Coding/wfrp_sim/test/build/_deps/googletest-src/googletest/src/gtest_main.cc
Note: Google Test filter = DieTest.InvalidSides
[==========] Running 1 test from 1 test suite.
[----------] Global test environment set-up.
[----------] 1 test from DieTest
[ RUN      ] DieTest.InvalidSides
[       OK ] DieTest.InvalidSides (0 ms)
[----------] 1 test from DieTest (0 ms total)

[----------] Global test environment tear-down
[==========] 1 test from 1 test suite ran. (0 ms total)
[  PASSED  ] 1 test.
<end of output>
Test time =   0.00 sec
----------------------------------------------------------
Test Passed.
"DieTest.InvalidSides" end time: Apr 28 21:01 CEST
"DieTest.InvalidSides" time elapsed: 00:00:00
----------------------------------------------------------

13/17 Testing: DieTest.InvalidValue
13/17 Test: DieTest.InvalidValue
Command: "/home/fdachs/Coding/wfrp_sim/test/build/die_tests" "--gtest_filter=DieTest.InvalidValue" "--gtest_also_run_disabled_tests"
Directory: /home/fdachs/Coding/wfrp_sim/test/build
"DieTest.InvalidValue" start time: Apr 28 21:01 CEST
Output:
----------------------------------------------------------
Running main() from /home/fdachs/Coding/wfrp_sim/test/build/_deps/googletest-src/googletest/src/gtest_main.cc
Note: Google Test filter = DieTest.InvalidValue
[==========] Running 1 test from 1 test suite.
[----------] Global test environment set-up.
[----------] 1 test from DieTest
[ RUN      ] DieTest.InvalidValue
Cannot set invalid die value.
[       OK ] DieTest.InvalidValue (0 ms)
[----------] 1 test from DieTest (0 ms total)

[----------] Global test environment tear-down
[==========] 1 test from 1 test suite ran. (0 ms total)
[  PASSED  ] 1 test.
<end of output>
Test time =   0.00 sec
----------------------------------------------------------
Test Passed.
"DieTest.InvalidValue" end time: Apr 28 21:01 CEST
"DieTest.InvalidValue" time elapsed: 00:00:00
----------------------------------------------------------

14/17 Testing: DieTest.Randomness
14/17 Test: DieTest.Randomness
Command: "/home/fdachs/Coding/wfrp_sim/test/build/die_tests" "--gtest_filter=DieTest.Randomness" "--gtest_also_run_disabled_tests"
Directory: /home/fdachs/Coding/wfrp_sim/test/build
"DieTest.Randomness" start time: Apr 28 21:01 CEST
Output:
----------------------------------------------------------
Running main() from /home/fdachs/Coding/wfrp_sim/test/build/_deps/googletest-src/googletest/src/gtest_main.cc
Note: Google Test filter = DieTest.Randomness
[==========] Running 1 test from 1 test suite.
[----------] Global test environment set-up.
[----------] 1 test from DieTest
[ RUN      ] DieTest.Randomness
[       OK ] DieTest.Randomness (0 ms)
[----------] 1 test from DieTest (0 ms total)

[----------] Global test environment tear-down
[==========] 1 test from 1 test suite ran. (0 ms total)
[  PASSED  ] 1 test.
<end of output>
Test time =   0.00 sec
----------------------------------------------------------
Test Passed.
"DieTest.Randomness" end time: Apr 28 21:01 CEST
"DieTest.Randomness" time elapsed: 00:00:00
----------------------------------------------------------

15/17 Testing: DieTest.RandomnessDistribution
15/17 Test: DieTest.RandomnessDistribution
Command: "/home/fdachs/Coding/wfrp_sim/test/build/die_tests" "--gtest_filter=DieTest.RandomnessDistribution" "--gtest_also_run_disabled_tests"
Directory: /home/fdachs/Coding/wfrp_sim/test/build
"DieTest.RandomnessDistribution" start time: Apr 28 21:01 CEST
Output:
----------------------------------------------------------
Running main() from /home/fdachs/Coding/wfrp_sim/test/build/_deps/googletest-src/googletest/src/gtest_main.cc
Note: Google Test filter = DieTest.RandomnessDistribution
[==========] Running 1 test from 1 test suite.
[----------] Global test environment set-up.
[----------] 1 test from DieTest
[ RUN      ] DieTest.RandomnessDistribution
[       OK ] DieTest.RandomnessDistribution (0 ms)
[----------] 1 test from DieTest (0 ms total)

[----------] Global test environment tear-down
[==========] 1 test from 1 test suite ran. (0 ms total)
[  PASSED  ] 1 test.
<end of output>
Test time =   0.01 sec
----------------------------------------------------------
Test Passed.
"DieTest.RandomnessDistribution" end time: Apr 28 21:01 CEST
"DieTest.RandomnessDistribution" time elapsed: 00:00:00
----------------------------------------------------------

16/17 Testing: DieTest.RandomnessUniformity
16/17 Test: DieTest.RandomnessUniformity
Command: "/home/fdachs/Coding/wfrp_sim/test/build/die_tests" "--gtest_filter=DieTest.RandomnessUniformity" "--gtest_also_run_disabled_tests"
Directory: /home/fdachs/Coding/wfrp_sim/test/build
"DieTest.RandomnessUniformity" start time: Apr 28 21:01 CEST
Output:
----------------------------------------------------------
Running main() from /home/fdachs/Coding/wfrp_sim/test/build/_deps/googletest-src/googletest/src/gtest_main.cc
Note: Google Test filter = DieTest.RandomnessUniformity
[==========] Running 1 test from 1 test suite.
[----------] Global test environment set-up.
[----------] 1 test from DieTest
[ RUN      ] DieTest.RandomnessUniformity
[       OK ] DieTest.RandomnessUniformity (0 ms)
[----------] 1 test from DieTest (0 ms total)

[----------] Global test environment tear-down
[==========] 1 test from 1 test suite ran. (0 ms total)
[  PASSED  ] 1 test.
<end of output>
Test time =   0.01 sec
----------------------------------------------------------
Test Passed.
"DieTest.RandomnessUniformity" end time: Apr 28 21:01 CEST
"DieTest.RandomnessUniformity" time elapsed: 00:00:00
----------------------------------------------------------

17/17 Testing: die_tests
17/17 Test: die_tests
Command: "/home/fdachs/Coding/wfrp_sim/test/build/die_tests"
Directory: /home/fdachs/Coding/wfrp_sim/test/build
"die_tests" start time: Apr 28 21:01 CEST
Output:
----------------------------------------------------------
Running main() from /home/fdachs/Coding/wfrp_sim/test/build/_deps/googletest-src/googletest/src/gtest_main.cc
[==========] Running 16 tests from 1 test suite.
[----------] Global test environment set-up.
[----------] 16 tests from DieTest
[ RUN      ] DieTest.Constructor
[       OK ] DieTest.Constructor (0 ms)
[ RUN      ] DieTest.Roll
[       OK ] DieTest.Roll (0 ms)
[ RUN      ] DieTest.Set
Cannot set invalid die value.
[       OK ] DieTest.Set (0 ms)
[ RUN      ] DieTest.Flip
[       OK ] DieTest.Flip (0 ms)
[ RUN      ] DieTest.Addition
[       OK ] DieTest.Addition (0 ms)
[ RUN      ] DieTest.AdditionWithInt
[       OK ] DieTest.AdditionWithInt (0 ms)
[ RUN      ] DieTest.Subtraction
[       OK ] DieTest.Subtraction (0 ms)
[ RUN      ] DieTest.SubtractionWithInt
[       OK ] DieTest.SubtractionWithInt (0 ms)
[ RUN      ] DieTest.CopyConstructor
[       OK ] DieTest.CopyConstructor (0 ms)
[ RUN      ] DieTest.AssignmentOperator
[       OK ] DieTest.AssignmentOperator (0 ms)
[ RUN      ] DieTest.Destructor
[       OK ] DieTest.Destructor (0 ms)
[ RUN      ] DieTest.InvalidSides
[       OK ] DieTest.InvalidSides (0 ms)
[ RUN      ] DieTest.InvalidValue
Cannot set invalid die value.
[       OK ] DieTest.InvalidValue (0 ms)
[ RUN      ] DieTest.Randomness
[       OK ] DieTest.Randomness (0 ms)
[ RUN      ] DieTest.RandomnessDistribution
[       OK ] DieTest.RandomnessDistribution (0 ms)
[ RUN      ] DieTest.RandomnessUniformity
[       OK ] DieTest.RandomnessUniformity (0 ms)
[----------] 16 tests from DieTest (2 ms total)

[----------] Global test environment tear-down
[==========] 16 tests from 1 test suite ran. (2 ms total)
[  PASSED  ] 16 tests.
<end of output>
Test time =   0.01 sec
----------------------------------------------------------
Test Passed.
"die_tests" end time: Apr 28 21:01 CEST
"die_tests" time elapsed: 00:00:00
----------------------------------------------------------

End testing: Apr 28 21:01 CEST
